<?xml version="1.0" encoding="UTF-8"?>
<!-- Generated by org.testng.reporters.JUnitReportReporter -->
<testsuite hostname="DESKTOP-OL01O01" name="day06.day06_01" tests="12" failures="0" timestamp="2 Jan 2019 02:56:19 GMT" time="0.015" errors="0">
  <testcase name="Cjia" time="0.001" classname="day06.day06_01"/>
  <testcase name="Djia" time="0.001" classname="day06.day06_01"/>
  <testcase name="Cjia" time="0.001" classname="day06.day06_01"/>
  <testcase name="Djia" time="0.000" classname="day06.day06_01"/>
  <testcase name="Ajia" time="0.002" classname="day06.day06_01"/>
  <testcase name="Bjia" time="0.001" classname="day06.day06_01"/>
  <testcase name="Ajia" time="0.000" classname="day06.day06_01"/>
  <testcase name="Djia" time="0.000" classname="day06.day06_01"/>
  <testcase name="Cjia" time="0.001" classname="day06.day06_01"/>
  <testcase name="Ajia" time="0.006" classname="day06.day06_01"/>
  <testcase name="Bjia" time="0.001" classname="day06.day06_01"/>
  <testcase name="Bjia" time="0.001" classname="day06.day06_01"/>
</testsuite> <!-- day06.day06_01 -->
