<?xml version="1.0" encoding="UTF-8"?>
<!-- Generated by org.testng.reporters.JUnitReportReporter -->
<testsuite hostname="DESKTOP-OL01O01" name="day05.day05_04" tests="3" failures="0" timestamp="29 Dec 2018 03:31:05 GMT" time="3.761" errors="0">
  <testcase name="cqq" time="0.612" classname="day05.day05_04"/>
  <testcase name="dgjk" time="0.391" classname="day05.day05_04"/>
  <testcase name="bgg" time="2.758" classname="day05.day05_04"/>
</testsuite> <!-- day05.day05_04 -->
