<?xml version="1.0" encoding="UTF-8"?>
<!-- Generated by org.testng.reporters.JUnitReportReporter -->
<testsuite hostname="DESKTOP-OL01O01" name="day06.day06_02" tests="1" failures="0" timestamp="2 Jan 2019 03:07:56 GMT" time="3.016" errors="0">
  <testcase name="j" time="3.016" classname="day06.day06_02"/>
</testsuite> <!-- day06.day06_02 -->
