<?xml version="1.0" encoding="UTF-8"?>
<!-- Generated by org.testng.reporters.JUnitReportReporter -->
<testsuite hostname="DESKTOP-OL01O01" name="day05.t1" tests="2" failures="0" timestamp="29 Dec 2018 07:38:32 GMT" time="5.005" errors="0">
  <testcase name="Agg" time="3.621" classname="day05.t1"/>
  <testcase name="Cff" time="1.384" classname="day05.t1"/>
</testsuite> <!-- day05.t1 -->
