<?xml version="1.0" encoding="UTF-8"?>
<!-- Generated by org.testng.reporters.JUnitReportReporter -->
<testsuite hostname="DESKTOP-OL01O01" name="day06.ti1" tests="2" failures="0" timestamp="10 Jan 2019 06:53:19 GMT" time="8.933" errors="0">
  <testcase name="open" time="4.778" classname="day06.ti1"/>
  <testcase name="select" time="4.155" classname="day06.ti1"/>
</testsuite> <!-- day06.ti1 -->
