<?xml version="1.0" encoding="UTF-8"?>
<!-- Generated by org.testng.reporters.JUnitReportReporter -->
<testsuite hostname="DESKTOP-OL01O01" name="day05.day05_03" tests="2" failures="0" timestamp="2 Jan 2019 02:05:24 GMT" time="19.265" errors="0">
  <testcase name="bgg" time="16.610" classname="day05.day05_03"/>
  <testcase name="cc" time="2.655" classname="day05.day05_03"/>
</testsuite> <!-- day05.day05_03 -->
