<?xml version="1.0" encoding="UTF-8"?>
<!-- Generated by org.testng.reporters.JUnitReportReporter -->
<testsuite hostname="DESKTOP-OL01O01" name="day06.day06_03" tests="1" failures="0" timestamp="3 Jan 2019 11:23:39 GMT" time="9.900" errors="0">
  <testcase name="open" time="9.900" classname="day06.day06_03"/>
</testsuite> <!-- day06.day06_03 -->
