<?xml version="1.0" encoding="UTF-8"?>
<!-- Generated by org.testng.reporters.JUnitReportReporter -->
<testsuite hostname="DESKTOP-OL01O01" name="gg.ggg" tests="1" failures="0" timestamp="5 Mar 2019 08:00:48 GMT" time="19.032" errors="0">
  <testcase name="testUntitled" time="19.032" classname="gg.ggg"/>
</testsuite> <!-- gg.ggg -->
