<?xml version="1.0" encoding="UTF-8"?>
<!-- Generated by org.testng.reporters.JUnitReportReporter -->
<testsuite hostname="DESKTOP-OL01O01" name="app.tikutestcase" tests="1" failures="0" timestamp="5 Mar 2019 08:00:48 GMT" time="28.278" errors="0">
  <testcase name="login" time="28.278" classname="app.tikutestcase"/>
</testsuite> <!-- app.tikutestcase -->
