<?xml version="1.0" encoding="UTF-8"?>
<!-- Generated by org.testng.reporters.JUnitReportReporter -->
<testsuite hostname="DESKTOP-OL01O01" name="app.logintestcase" tests="1" failures="0" timestamp="5 Mar 2019 08:00:48 GMT" time="29.368" errors="0">
  <testcase name="login" time="29.368" classname="app.logintestcase"/>
</testsuite> <!-- app.logintestcase -->
